Using pre-set license
Built from '2020.3/release' branch; Version is '2020.3.7f1 (dd97f2c94397) revision 14522354'; Using compiler version '192528614'; Build Type 'Release'
OS: 'Windows 10 Pro; OS build 19042.1415; Version 2009; 64bit' Language: 'ko' Physical Memory: 16233 MB
BatchMode: 1, IsHumanControllingUs: 0, StartBugReporterOnCrash: 0, Is64bit: 1, IsPro: 0

 COMMAND LINE ARGUMENTS:
C:\Program Files\Unity\Editor\Unity.exe
-adb2
-batchMode
-noUpm
-name
AssetImportWorker0
-projectPath
F:/Unity@@@@@/GPPJ
-logFile
Logs/AssetImportWorker0.log
-srvPort
63891
Successfully changed project path to: F:/Unity@@@@@/GPPJ
F:/Unity@@@@@/GPPJ
Using Asset Import Pipeline V2.
Refreshing native plugins compatible for Editor in 31.09 ms, found 1 plugins.
Preloading 0 native plugins for Editor in 0.00 ms.
Initialize engine version: 2020.3.7f1 (dd97f2c94397)
[Subsystems] Discovering subsystems at path C:/Program Files/Unity/Editor/Data/Resources/UnitySubsystems
[Subsystems] Discovering subsystems at path F:/Unity@@@@@/GPPJ/Assets
GfxDevice: creating device client; threaded=0
Direct3D:
    Version:  Direct3D 11.0 [level 11.1]
    Renderer: NVIDIA GeForce RTX 2060 (ID=0x1f11)
    Vendor:   
    VRAM:     5980 MB
    Driver:   27.21.14.5763
Initialize mono
Mono path[0] = 'C:/Program Files/Unity/Editor/Data/Managed'
Mono path[1] = 'C:/Program Files/Unity/Editor/Data/MonoBleedingEdge/lib/mono/unityjit'
Mono config path = 'C:/Program Files/Unity/Editor/Data/MonoBleedingEdge/etc'
Using monoOptions --debugger-agent=transport=dt_socket,embedding=1,server=y,suspend=n,address=127.0.0.1:56908
Begin MonoManager ReloadAssembly
Registering precompiled unity dll's ...
Register platform support module: C:/Program Files/Unity/Editor/Data/PlaybackEngines/WindowsStandaloneSupport/UnityEditor.WindowsStandalone.Extensions.dll
Registered in 0.001877 seconds.
Native extension for WindowsStandalone target not found
Refreshing native plugins compatible for Editor in 33.69 ms, found 1 plugins.
Preloading 0 native plugins for Editor in 0.00 ms.
Mono: successfully reloaded assembly
- Completed reload, in  0.991 seconds
Platform modules already initialized, skipping
Registering precompiled user dll's ...
Registered in 0.000732 seconds.
Begin MonoManager ReloadAssembly
Native extension for WindowsStandalone target not found
Refreshing native plugins compatible for Editor in 33.63 ms, found 1 plugins.
Preloading 0 native plugins for Editor in 0.00 ms.
Mono: successfully reloaded assembly
- Completed reload, in  0.937 seconds
Platform modules already initialized, skipping
========================================================================
Worker process is ready to serve import requests
Launched and connected shader compiler UnityShaderCompiler.exe after 0.05 seconds
Refreshing native plugins compatible for Editor in 0.32 ms, found 1 plugins.
Preloading 0 native plugins for Editor in 0.00 ms.
Unloading 1814 Unused Serialized files (Serialized files now loaded: 0)
System memory in use before: 85.1 MB.
System memory in use after: 85.0 MB.

Unloading 24 unused Assets to reduce memory usage. Loaded Objects now: 2258.
Total: 2.074100 ms (FindLiveObjects: 0.165200 ms CreateObjectMapping: 0.063300 ms MarkObjects: 1.725800 ms  DeleteObjects: 0.118900 ms)

========================================================================
Received Import Request.
  path: Assets/Scripts/Managers/NetworkManager.cs
  artifactKey: Guid(310e8ab025a7a89419a1c428857865bc) Importer(815301076,1909f56bfc062723c751e8b465ee728b)
Start importing Assets/Scripts/Managers/NetworkManager.cs using Guid(310e8ab025a7a89419a1c428857865bc) Importer(815301076,1909f56bfc062723c751e8b465ee728b)  -> (artifact id: 'd10d0c59dd2f59c46926ca9aa9f52486') in 0.133050 seconds
  Import took 0.135704 seconds .

========================================================================
Received Prepare
Refreshing native plugins compatible for Editor in 1.29 ms, found 1 plugins.
Preloading 0 native plugins for Editor in 0.00 ms.
Unloading 10 Unused Serialized files (Serialized files now loaded: 0)
System memory in use before: 49.3 MB.
System memory in use after: 49.2 MB.

Unloading 10 unused Assets to reduce memory usage. Loaded Objects now: 2258.
Total: 2.007000 ms (FindLiveObjects: 0.208400 ms CreateObjectMapping: 0.070300 ms MarkObjects: 1.638500 ms  DeleteObjects: 0.088300 ms)

AssetImportWorkerClient::OnTransportError - code=2 error=End of file
